<?xml version="1.0" encoding="UTF-8"?>
<!-- Generated by org.testng.reporters.JUnitXMLReporter -->
<testsuite ignored="0" hostname="samet-PC" failures="0" tests="13" name="Command line test" time="194.703" errors="0" timestamp="2021-01-11T11:26:11 CET">
  <testcase classname="tests.interaction.DraggableTest" name="Test01defaultFunctionality" time="9.167"/>
  <testcase classname="tests.interaction.DraggableTest" name="Test02constrainMovement" time="28.368"/>
  <testcase classname="tests.interaction.DraggableTest" name="Test03CursorStyle" time="16.521"/>
  <testcase classname="tests.JobHeroTest" name="test01" time="14.275"/>
  <testcase classname="tests.interaction.DroppableTest" name="dropableDefaultFunctionality" time="18.13"/>
  <testcase classname="tests.KitapyurduTest" name="TC01" time="9.082"/>
  <testcase classname="tests.KitapyurduTest" name="TC02" time="13.172"/>
  <testcase classname="tests.KitapyurduTest" name="TC03" time="10.422"/>
  <testcase classname="tests.KitapyurduTest" name="TC04" time="10.135"/>
  <testcase classname="tests.KitapyurduTest" name="TC05" time="10.265"/>
  <testcase classname="tests.KitapyurduTest" name="TC06" time="10.776"/>
  <testcase classname="tests.KitapyurduTest" name="TC07" time="20.384"/>
  <testcase classname="tests.KitapyurduTest" name="TC08" time="23.895"/>
</testsuite> <!-- Command line test -->
