<?xml version="1.0" encoding="UTF-8"?>
<!-- Generated by org.testng.reporters.JUnitXMLReporter -->
<testsuite ignored="0" hostname="samet-PC" failures="0" tests="3" name="Command line test" time="42.34" errors="0" timestamp="2021-01-09T01:38:00 CET">
  <testcase classname="tests.interaction.DraggableTest" name="Test01defaultFunctionality" time="8.705"/>
  <testcase classname="tests.interaction.DraggableTest" name="Test02constrainMovement" time="16.674"/>
  <testcase classname="tests.interaction.DroppableTest" name="dropableDefaultFunctionality" time="16.88"/>
</testsuite> <!-- Command line test -->
