<?xml version="1.0" encoding="UTF-8"?>
<testng-results ignored="0" total="13" passed="13" failed="0" skipped="0">
  <reporter-output>
  </reporter-output>
  <suite started-at="2021-01-11T11:22:56 CET" name="Command line suite" finished-at="2021-01-11T11:26:11 CET" duration-ms="194703">
    <groups>
    </groups>
    <test started-at="2021-01-11T11:22:56 CET" name="Command line test" finished-at="2021-01-11T11:26:11 CET" duration-ms="194703">
      <class name="tests.JobHeroTest">
        <test-method signature="test01()[pri:0, instance:tests.JobHeroTest@5f2606b]" started-at="2021-01-11T11:23:50 CET" name="test01" finished-at="2021-01-11T11:24:04 CET" duration-ms="14275" status="PASS">
          <reporter-output>
          </reporter-output>
        </test-method> <!-- test01 -->
      </class> <!-- tests.JobHeroTest -->
      <class name="tests.KitapyurduTest">
        <test-method signature="TC01()[pri:0, instance:tests.KitapyurduTest@2b58f754]" started-at="2021-01-11T11:24:23 CET" name="TC01" finished-at="2021-01-11T11:24:32 CET" duration-ms="9082" status="PASS">
          <reporter-output>
          </reporter-output>
        </test-method> <!-- TC01 -->
        <test-method signature="TC02()[pri:0, instance:tests.KitapyurduTest@2b58f754]" started-at="2021-01-11T11:24:32 CET" name="TC02" finished-at="2021-01-11T11:24:45 CET" duration-ms="13172" status="PASS">
          <reporter-output>
          </reporter-output>
        </test-method> <!-- TC02 -->
        <test-method signature="TC03()[pri:0, instance:tests.KitapyurduTest@2b58f754]" started-at="2021-01-11T11:24:45 CET" name="TC03" finished-at="2021-01-11T11:24:55 CET" duration-ms="10422" status="PASS">
          <reporter-output>
          </reporter-output>
        </test-method> <!-- TC03 -->
        <test-method signature="TC04()[pri:0, instance:tests.KitapyurduTest@2b58f754]" started-at="2021-01-11T11:24:55 CET" name="TC04" finished-at="2021-01-11T11:25:05 CET" duration-ms="10135" status="PASS">
          <reporter-output>
          </reporter-output>
        </test-method> <!-- TC04 -->
        <test-method signature="TC05()[pri:0, instance:tests.KitapyurduTest@2b58f754]" started-at="2021-01-11T11:25:05 CET" name="TC05" finished-at="2021-01-11T11:25:16 CET" duration-ms="10265" status="PASS">
          <reporter-output>
          </reporter-output>
        </test-method> <!-- TC05 -->
        <test-method signature="TC06()[pri:0, instance:tests.KitapyurduTest@2b58f754]" started-at="2021-01-11T11:25:16 CET" name="TC06" finished-at="2021-01-11T11:25:26 CET" duration-ms="10776" status="PASS">
          <reporter-output>
          </reporter-output>
        </test-method> <!-- TC06 -->
        <test-method signature="TC07()[pri:0, instance:tests.KitapyurduTest@2b58f754]" started-at="2021-01-11T11:25:26 CET" name="TC07" finished-at="2021-01-11T11:25:47 CET" duration-ms="20384" status="PASS">
          <reporter-output>
          </reporter-output>
        </test-method> <!-- TC07 -->
        <test-method signature="TC08()[pri:0, instance:tests.KitapyurduTest@2b58f754]" started-at="2021-01-11T11:25:47 CET" name="TC08" finished-at="2021-01-11T11:26:11 CET" duration-ms="23895" status="PASS">
          <reporter-output>
          </reporter-output>
        </test-method> <!-- TC08 -->
      </class> <!-- tests.KitapyurduTest -->
      <class name="tests.interaction.DraggableTest">
        <test-method signature="Test01defaultFunctionality()[pri:0, instance:tests.interaction.DraggableTest@1d71006f]" started-at="2021-01-11T11:22:56 CET" name="Test01defaultFunctionality" finished-at="2021-01-11T11:23:05 CET" duration-ms="9167" status="PASS">
          <reporter-output>
          </reporter-output>
        </test-method> <!-- Test01defaultFunctionality -->
        <test-method signature="Test02constrainMovement()[pri:0, instance:tests.interaction.DraggableTest@1d71006f]" started-at="2021-01-11T11:23:05 CET" name="Test02constrainMovement" finished-at="2021-01-11T11:23:34 CET" duration-ms="28368" status="PASS">
          <reporter-output>
          </reporter-output>
        </test-method> <!-- Test02constrainMovement -->
        <test-method signature="Test03CursorStyle()[pri:0, instance:tests.interaction.DraggableTest@1d71006f]" started-at="2021-01-11T11:23:34 CET" name="Test03CursorStyle" finished-at="2021-01-11T11:23:50 CET" duration-ms="16521" status="PASS">
          <reporter-output>
          </reporter-output>
        </test-method> <!-- Test03CursorStyle -->
      </class> <!-- tests.interaction.DraggableTest -->
      <class name="tests.interaction.DroppableTest">
        <test-method signature="dropableDefaultFunctionality()[pri:0, instance:tests.interaction.DroppableTest@5b6813df]" started-at="2021-01-11T11:24:04 CET" name="dropableDefaultFunctionality" finished-at="2021-01-11T11:24:23 CET" duration-ms="18130" status="PASS">
          <reporter-output>
          </reporter-output>
        </test-method> <!-- dropableDefaultFunctionality -->
      </class> <!-- tests.interaction.DroppableTest -->
    </test> <!-- Command line test -->
  </suite> <!-- Command line suite -->
</testng-results>
