<?xml version="1.0" encoding="UTF-8"?>
<testsuite xmlns:xsi="http://www.w3.org/2001/XMLSchema-instance" xsi:schemaLocation="https://maven.apache.org/surefire/maven-surefire-plugin/xsd/surefire-test-report.xsd" name="TestSuite" time="187.543" tests="8" errors="0" skipped="0" failures="0">
  <properties>
[...]
</properties>
  <testcase name="TC01" classname="tests.KitapyurduTest" time="12.31"/>
  <testcase name="TC02" classname="tests.KitapyurduTest" time="21.93"/>
  <testcase name="TC03" classname="tests.KitapyurduTest" time="19.707"/>
  <testcase name="TC04" classname="tests.KitapyurduTest" time="16.776"/>
  <testcase name="TC05" classname="tests.KitapyurduTest" time="17.146"/>
  <testcase name="TC06" classname="tests.KitapyurduTest" time="30.205"/>
  <testcase name="TC07" classname="tests.KitapyurduTest" time="34.112"/>
  <testcase name="TC08" classname="tests.KitapyurduTest" time="25.08"/>
</testsuite>