<?xml version="1.0" encoding="UTF-8" ?>
<testsuite tests="13" failures="0" name="TestSuite" time="194.595" errors="0" skipped="0">
  <properties>
[...]
</properties>
  <testcase classname="tests.interaction.DraggableTest" name="Test01defaultFunctionality" time="9.17"/>
  <testcase classname="tests.interaction.DraggableTest" name="Test02constrainMovement" time="28.366"/>
  <testcase classname="tests.interaction.DraggableTest" name="Test03CursorStyle" time="16.521"/>
  <testcase classname="tests.JobHeroTest" name="test01" time="14.276"/>
  <testcase classname="tests.interaction.DroppableTest" name="dropableDefaultFunctionality" time="18.13"/>
  <testcase classname="tests.KitapyurduTest" name="TC01" time="9.083"/>
  <testcase classname="tests.KitapyurduTest" name="TC02" time="13.173"/>
  <testcase classname="tests.KitapyurduTest" name="TC03" time="10.421"/>
  <testcase classname="tests.KitapyurduTest" name="TC04" time="10.135"/>
  <testcase classname="tests.KitapyurduTest" name="TC05" time="10.265"/>
  <testcase classname="tests.KitapyurduTest" name="TC06" time="10.782"/>
  <testcase classname="tests.KitapyurduTest" name="TC07" time="20.378"/>
  <testcase classname="tests.KitapyurduTest" name="TC08" time="23.895"/>
</testsuite>