<?xml version="1.0" encoding="UTF-8"?>
<!-- Generated by org.testng.reporters.JUnitXMLReporter -->
<testsuite ignored="0" hostname="samet-PC" failures="0" tests="8" name="testng" time="177.444" errors="0" timestamp="2021-01-13T22:09:39 CET">
  <testcase classname="tests.KitapyurduTest" name="TC01" time="12.295"/>
  <testcase classname="tests.KitapyurduTest" name="TC02" time="21.933"/>
  <testcase classname="tests.KitapyurduTest" name="TC03" time="19.706"/>
  <testcase classname="tests.KitapyurduTest" name="TC04" time="16.775"/>
  <testcase classname="tests.KitapyurduTest" name="TC05" time="17.146"/>
  <testcase classname="tests.KitapyurduTest" name="TC06" time="30.196"/>
  <testcase classname="tests.KitapyurduTest" name="TC07" time="34.119"/>
  <testcase classname="tests.KitapyurduTest" name="TC08" time="25.079"/>
</testsuite> <!-- testng -->
